c:\users\admin\onedrive\sfmlframework\sfmlframework\debug\vc142.pdb
c:\users\admin\onedrive\sfmlframework\sfmlframework\debug\vc142.idb
c:\users\admin\onedrive\sfmlframework\sfmlframework\debug\texturemanager.obj
c:\users\admin\onedrive\sfmlframework\sfmlframework\debug\playership.obj
c:\users\admin\onedrive\sfmlframework\sfmlframework\debug\playerdata.obj
c:\users\admin\onedrive\sfmlframework\sfmlframework\debug\objectmanager.obj
c:\users\admin\onedrive\sfmlframework\sfmlframework\debug\main.obj
c:\users\admin\onedrive\sfmlframework\sfmlframework\debug\inputmanager.obj
c:\users\admin\onedrive\sfmlframework\sfmlframework\debug\grunt.obj
c:\users\admin\onedrive\sfmlframework\sfmlframework\debug\gametext.obj
c:\users\admin\onedrive\sfmlframework\sfmlframework\debug\gamesprite.obj
c:\users\admin\onedrive\sfmlframework\sfmlframework\debug\gamesound.obj
c:\users\admin\onedrive\sfmlframework\sfmlframework\debug\game.obj
c:\users\admin\onedrive\sfmlframework\sfmlframework\debug\collisiondetection.obj
c:\users\admin\onedrive\sfmlframework\sfmlframework\debug\bullet.obj
c:\users\admin\onedrive\sfmlframework\sfmlframework\debug\boss.obj
c:\users\admin\onedrive\sfmlframework\sfmlframework\debug\audiomanager.obj
c:\users\admin\onedrive\sfmlframework\sfmlframework\debug\animatedgamesprite.obj
c:\users\admin\onedrive\sfmlframework\sfmlframework\debug\alienwave.obj
c:\users\admin\onedrive\sfmlframework\sfmlframework\debug\alien.obj
c:\users\admin\onedrive\sfmlframework\debug\sfmlframework.exe
c:\users\admin\onedrive\sfmlframework\sfmlframework\debug\sfmlframework.ilk
c:\users\admin\onedrive\sfmlframework\debug\sfmlframework.pdb
c:\users\admin\onedrive\sfmlframework\sfmlframework\debug\sfmlframework.tlog\cl.command.1.tlog
c:\users\admin\onedrive\sfmlframework\sfmlframework\debug\sfmlframework.tlog\cl.read.1.tlog
c:\users\admin\onedrive\sfmlframework\sfmlframework\debug\sfmlframework.tlog\cl.write.1.tlog
c:\users\admin\onedrive\sfmlframework\sfmlframework\debug\sfmlframework.tlog\link.command.1.tlog
c:\users\admin\onedrive\sfmlframework\sfmlframework\debug\sfmlframework.tlog\link.read.1.tlog
c:\users\admin\onedrive\sfmlframework\sfmlframework\debug\sfmlframework.tlog\link.write.1.tlog
