  Alien.cpp
  AlienWave.cpp
  AnimatedGameSprite.cpp
  AudioManager.cpp
  Boss.cpp
  Bullet.cpp
  CollisionDetection.cpp
  Game.cpp
  GameSound.cpp
  GameSprite.cpp
  GameText.cpp
  Grunt.cpp
  InputManager.cpp
  Main.cpp
  ObjectManager.cpp
  PlayerData.cpp
  PlayerShip.cpp
  TextureManager.cpp
  Generating code
  Previous IPDB and IOBJ mismatch, fall back to full compilation.
  All 1391 functions were compiled because no usable IPDB/IOBJ from previous compilation was found.
  Finished generating code
  SFMLFramework.vcxproj -> G:\Uni Year 2\Module 8\Game Final\SFMLFramework\Release\SFMLFramework.exe
